<?xml version="1.0" encoding="UTF-8"?>
<!-- Generated by org.testng.reporters.JUnitReportReporter -->
<testsuite hostname="LAPTOP-LMD2MKNK" failures="0" tests="1" name="com.qa.test.SampleTest" time="10.814" errors="0" timestamp="2023-09-20T15:40:05 EDT" skipped="0">
  <testcase classname="com.qa.test.SampleTest" name="test13" time="10.814"/>
  <system-out/>
</testsuite> <!-- com.qa.test.SampleTest -->
