<?xml version="1.0" encoding="UTF-8"?>
<!-- Generated by org.testng.reporters.JUnitReportReporter -->
<testsuite hostname="LAPTOP-LMD2MKNK" failures="0" tests="1" name="com.qa.test.SampleTest" time="14.911" errors="0" timestamp="20 Sep 2023 20:33:45 GMT">
  <testcase classname="com.qa.test.SampleTest" name="test13" time="14.911"/>
</testsuite>
